<?xml version="1.0" encoding="UTF-8"?>
<!-- Generated by org.testng.reporters.JUnitXMLReporter -->
<testsuite ignored="0" hostname="DESKTOP-BAJSTAT" failures="0" tests="3" name="Test" time="1.971" errors="0" timestamp="2022-09-30T13:03:11 IST">
  <testcase classname="differentWayToPost.AddProjectUsingHashMapTest" name="addProjectTest" time="1.66"/>
  <testcase classname="differentWayToPost.AddProjectUsingJsonObjectTest" name="addProjectTest" time="0.136"/>
  <testcase classname="differentWayToPost.AddProjectUsingPojoClassTest" name="addProjectTest" time="0.128"/>
</testsuite> <!-- Test -->
