<?xml version="1.0" encoding="UTF-8"?>
<!-- Generated by org.testng.reporters.JUnitXMLReporter -->
<testsuite ignored="7" hostname="DESKTOP-BAJSTAT" failures="0" tests="1" name="Test" time="1.36" errors="0" timestamp="2022-09-29T17:09:32 IST">
  <testcase classname="ApiTestCasesWithCrud.GetTestCasessTest" name="getProjectsTest" time="1.327"/>
  <testcase classname="ApiTestCasesWithCrud.GetTestCasessTest" name="getProjectWithOuutUriTest" time="0.0">
    <ignored/>
  </testcase> <!-- getProjectWithOuutUriTest -->
  <testcase classname="ApiTestCasesWithCrud.GetTestCasessTest" name="getProjectWithWrongURITest" time="0.0">
    <ignored/>
  </testcase> <!-- getProjectWithWrongURITest -->
  <testcase classname="ApiTestCasesWithCrud.GetTestCasessTest" name="getProjectWithOuutPOrtNumTest" time="0.0">
    <ignored/>
  </testcase> <!-- getProjectWithOuutPOrtNumTest -->
  <testcase classname="ApiTestCasesWithCrud.GetTestCasessTest" name="getProjectsWithWrongIdTest" time="0.0">
    <ignored/>
  </testcase> <!-- getProjectsWithWrongIdTest -->
  <testcase classname="ApiTestCasesWithCrud.GetTestCasessTest" name="getProjectsWithOutEndPointAndJsonResponceTest" time="0.0">
    <ignored/>
  </testcase> <!-- getProjectsWithOutEndPointAndJsonResponceTest -->
  <testcase classname="ApiTestCasesWithCrud.GetTestCasessTest" name="getProjectsWithOutEndPointTest" time="0.0">
    <ignored/>
  </testcase> <!-- getProjectsWithOutEndPointTest -->
  <testcase classname="ApiTestCasesWithCrud.GetTestCasessTest" name="getProjectWithWrongportNumTest" time="0.0">
    <ignored/>
  </testcase> <!-- getProjectWithWrongportNumTest -->
</testsuite> <!-- Test -->
