<?xml version="1.0" encoding="UTF-8"?>
<testng-results ignored="0" total="1" passed="1" failed="0" skipped="0">
  <reporter-output>
  </reporter-output>
  <suite started-at="2022-10-11T15:23:16 IST" name="Default suite" finished-at="2022-10-11T15:23:28 IST" duration-ms="12642">
    <groups>
    </groups>
    <test started-at="2022-10-11T15:23:16 IST" name="Default test" finished-at="2022-10-11T15:23:28 IST" duration-ms="12642">
      <class name="EndToEndcsenariosUsingUtility.AddInDBDeleteInGUIValidateInRestTest">
        <test-method is-config="true" signature="bsConfig()[pri:0, instance:EndToEndcsenariosUsingUtility.AddInDBDeleteInGUIValidateInRestTest@7e7be63f]" started-at="2022-10-11T15:23:16 IST" name="bsConfig" finished-at="2022-10-11T15:23:16 IST" duration-ms="176" status="PASS">
          <reporter-output>
          </reporter-output>
        </test-method> <!-- bsConfig -->
        <test-method signature="validationTest()[pri:0, instance:EndToEndcsenariosUsingUtility.AddInDBDeleteInGUIValidateInRestTest@7e7be63f]" started-at="2022-10-11T15:23:16 IST" name="validationTest" finished-at="2022-10-11T15:23:28 IST" duration-ms="12618" status="PASS">
          <reporter-output>
          </reporter-output>
        </test-method> <!-- validationTest -->
        <test-method is-config="true" signature="asConfig()[pri:0, instance:EndToEndcsenariosUsingUtility.AddInDBDeleteInGUIValidateInRestTest@7e7be63f]" started-at="2022-10-11T15:23:28 IST" name="asConfig" finished-at="2022-10-11T15:23:45 IST" duration-ms="16201" status="PASS">
          <reporter-output>
          </reporter-output>
        </test-method> <!-- asConfig -->
      </class> <!-- EndToEndcsenariosUsingUtility.AddInDBDeleteInGUIValidateInRestTest -->
    </test> <!-- Default test -->
  </suite> <!-- Default suite -->
</testng-results>
